/*C3*/SET SCHEMA PUBLIC
DISCONNECT
/*C4*/SET SCHEMA PUBLIC
DISCONNECT
/*C5*/SET SCHEMA PUBLIC
DISCONNECT
/*C6*/SET SCHEMA PUBLIC
DISCONNECT
/*C7*/SET SCHEMA PUBLIC
DISCONNECT
/*C8*/SET SCHEMA PUBLIC
DELETE FROM PARTICIPATION WHERE PARTICIPATION_ID=6
COMMIT
DISCONNECT
/*C9*/SET SCHEMA PUBLIC
DISCONNECT
/*C10*/SET SCHEMA PUBLIC
DELETE FROM EVENT WHERE EVENT_ID=2
COMMIT
DISCONNECT
/*C11*/SET SCHEMA PUBLIC
DISCONNECT
/*C12*/SET SCHEMA PUBLIC
INSERT INTO EVENT VALUES(3,'Pizza','test',3)
COMMIT
DISCONNECT
/*C14*/SET SCHEMA PUBLIC
DISCONNECT
/*C13*/SET SCHEMA PUBLIC
INSERT INTO PARTICIPATION VALUES(7,3,3,2,8)
COMMIT
DISCONNECT
/*C15*/SET SCHEMA PUBLIC
DISCONNECT
/*C16*/SET SCHEMA PUBLIC
DISCONNECT
/*C17*/SET SCHEMA PUBLIC
DELETE FROM PARTICIPATION WHERE PARTICIPATION_ID=7
COMMIT
DISCONNECT
/*C18*/SET SCHEMA PUBLIC
DISCONNECT
/*C19*/SET SCHEMA PUBLIC
DELETE FROM EVENT WHERE EVENT_ID=3
COMMIT
DISCONNECT
/*C20*/SET SCHEMA PUBLIC
DISCONNECT
/*C21*/SET SCHEMA PUBLIC
INSERT INTO EVENT VALUES(4,'Pizza','jetzt erst recht!',3)
COMMIT
DISCONNECT
/*C23*/SET SCHEMA PUBLIC
DISCONNECT
/*C22*/SET SCHEMA PUBLIC
INSERT INTO PARTICIPATION VALUES(8,3,4,3,9)
COMMIT
DISCONNECT
/*C24*/SET SCHEMA PUBLIC
DISCONNECT
/*C25*/SET SCHEMA PUBLIC
DELETE FROM PARTICIPATION WHERE PARTICIPATION_ID=8
INSERT INTO PARTICIPATION VALUES(8,3,4,5,9)
COMMIT
DISCONNECT
/*C26*/SET SCHEMA PUBLIC
DISCONNECT
/*C27*/SET SCHEMA PUBLIC
DELETE FROM PARTICIPATION WHERE PARTICIPATION_ID=8
COMMIT
DISCONNECT
/*C28*/SET SCHEMA PUBLIC
DISCONNECT
/*C29*/SET SCHEMA PUBLIC
DELETE FROM EVENT WHERE EVENT_ID=4
COMMIT
DISCONNECT
/*C30*/SET SCHEMA PUBLIC
DISCONNECT
/*C31*/SET SCHEMA PUBLIC
DISCONNECT
/*C32*/SET SCHEMA PUBLIC
DISCONNECT
/*C33*/SET SCHEMA PUBLIC
DELETE FROM ACCOUNT WHERE ID=3
COMMIT
DISCONNECT
